Arguments: 
  /usr/local/bin/node /usr/local/bin/yarn start

PATH: 
  /opt/local/bin:/opt/local/sbin:/usr/local/bin:/usr/bin:/bin:/usr/sbin:/sbin

Yarn version: 
  1.5.1

Node version: 
  8.10.0

Platform: 
  darwin x64

npm manifest: 
  {
    "name": "create-react-simple",
    "version": "1.0.0",
    "description": "",
    "main": "index.js",
    "scripts": {
      "start": "webpack-dev-server --mode development --open",
      "build": "webpack --mode production"
    },
    "repository": {
      "type": "git",
      "url": "git+https://sebcglbailey@github.com/sebcglbailey/create-react-simple.git"
    },
    "keywords": [],
    "author": "",
    "license": "ISC",
    "bugs": {
      "url": "https://github.com/sebcglbailey/create-react-simple/issues"
    },
    "homepage": "https://github.com/sebcglbailey/create-react-simple#readme",
    "devDependencies": {
      "babel-core": "^6.26.0",
      "babel-loader": "^7.1.4",
      "babel-preset-env": "^1.6.1",
      "babel-preset-react": "^6.24.1",
      "css-loader": "^0.28.11",
      "html-loader": "^0.5.5",
      "html-webpack-plugin": "^3.0.7",
      "prop-types": "^15.6.1",
      "react": "^16.2.0",
      "react-dom": "^16.2.0",
      "react-router-dom": "^4.2.2",
      "style-loader": "^0.20.3",
      "webpack": "^4.2.0",
      "webpack-cli": "^2.0.12",
      "webpack-dev-server": "^3.1.1"
    },
    "dependencies": {
      "babel-plugin-react-css-modules": "^3.3.3"
    }
  }

yarn manifest: 
  No manifest

Lockfile: 
  No lockfile

Trace: 
  Error: Command failed.
  Exit code: 127
  Command: sh
  Arguments: -c webpack-dev-server --mode development --open
  Directory: /Users/sebastianbailey/Documents/GitHub/create-react-simple
  Output:
  
      at ProcessTermError.MessageError (/usr/local/lib/node_modules/yarn/lib/cli.js:186:110)
      at new ProcessTermError (/usr/local/lib/node_modules/yarn/lib/cli.js:226:113)
      at ChildProcess.<anonymous> (/usr/local/lib/node_modules/yarn/lib/cli.js:30281:17)
      at emitTwo (events.js:126:13)
      at ChildProcess.emit (events.js:214:7)
      at maybeClose (internal/child_process.js:925:16)
      at Process.ChildProcess._handle.onexit (internal/child_process.js:209:5)
